[16-May-2021 16:35:23 Asia/Calcutta] PHP Notice:  Trying to access array offset on value of type null in /home/raptor/program/server/twitterbot/server/bot.php on line 86
[16-May-2021 16:35:27 Asia/Calcutta] PHP Notice:  Trying to access array offset on value of type null in /home/raptor/program/server/twitterbot/server/bot.php on line 86
[16-May-2021 16:35:29 Asia/Calcutta] PHP Notice:  Trying to access array offset on value of type null in /home/raptor/program/server/twitterbot/server/bot.php on line 86
[16-May-2021 16:35:31 Asia/Calcutta] PHP Notice:  Trying to access array offset on value of type null in /home/raptor/program/server/twitterbot/server/bot.php on line 86
[16-May-2021 16:40:22 Asia/Calcutta] PHP Notice:  Trying to access array offset on value of type null in /home/raptor/program/server/twitterbot/server/bot.php on line 86
[16-May-2021 16:41:54 Asia/Calcutta] PHP Notice:  Trying to access array offset on value of type null in /home/raptor/program/server/twitterbot/server/bot.php on line 86
[16-May-2021 16:42:05 Asia/Calcutta] PHP Notice:  Trying to access array offset on value of type null in /home/raptor/program/server/twitterbot/server/users.php on line 129
[16-May-2021 16:43:30 Asia/Calcutta] PHP Notice:  Trying to access array offset on value of type null in /home/raptor/program/server/twitterbot/server/bot.php on line 86
[16-May-2021 16:45:07 Asia/Calcutta] PHP Notice:  Trying to access array offset on value of type null in /home/raptor/program/server/twitterbot/server/bot.php on line 86
[16-May-2021 16:45:09 Asia/Calcutta] PHP Notice:  Trying to access array offset on value of type null in /home/raptor/program/server/twitterbot/server/bot.php on line 86
[16-May-2021 16:45:11 Asia/Calcutta] PHP Notice:  Trying to access array offset on value of type null in /home/raptor/program/server/twitterbot/server/bot.php on line 86
[16-May-2021 16:45:21 Asia/Calcutta] PHP Notice:  Trying to access array offset on value of type null in /home/raptor/program/server/twitterbot/server/users.php on line 129
[16-May-2021 16:45:27 Asia/Calcutta] PHP Notice:  Trying to access array offset on value of type null in /home/raptor/program/server/twitterbot/server/users.php on line 129
[16-May-2021 17:02:22 Asia/Calcutta] PHP Fatal error:  Uncaught Error: Class 'mysqli' not found in /home/raptor/program/server/twitterbot/server/database.php:12
Stack trace:
#0 /home/raptor/program/server/twitterbot/server/bot.php(21): connectToDB()
#1 /home/raptor/program/server/twitterbot/server/bot.php(90): getThreadID()
#2 {main}
  thrown in /home/raptor/program/server/twitterbot/server/database.php on line 12
[16-May-2021 17:03:16 Asia/Calcutta] PHP Fatal error:  Uncaught Error: Class 'mysqli' not found in /home/raptor/program/server/twitterbot/server/database.php:12
Stack trace:
#0 /home/raptor/program/server/twitterbot/server/bot.php(21): connectToDB()
#1 /home/raptor/program/server/twitterbot/server/bot.php(90): getThreadID()
#2 {main}
  thrown in /home/raptor/program/server/twitterbot/server/database.php on line 12
[16-May-2021 17:07:08 Asia/Calcutta] PHP Fatal error:  Uncaught Error: Class 'mysqli' not found in /home/raptor/program/server/twitterbot/server/database.php:12
Stack trace:
#0 /home/raptor/program/server/twitterbot/server/bot.php(21): connectToDB()
#1 /home/raptor/program/server/twitterbot/server/bot.php(90): getThreadID()
#2 {main}
  thrown in /home/raptor/program/server/twitterbot/server/database.php on line 12
[16-May-2021 18:43:31 Asia/Calcutta] PHP Notice:  Trying to access array offset on value of type null in /home/raptor/program/server/twitterbot/server/threads.php on line 129
[16-May-2021 18:43:38 Asia/Calcutta] PHP Notice:  Trying to access array offset on value of type null in /home/raptor/program/server/twitterbot/server/threads.php on line 129
[16-May-2021 18:43:47 Asia/Calcutta] PHP Notice:  Trying to access array offset on value of type null in /home/raptor/program/server/twitterbot/server/threads.php on line 129
[16-May-2021 18:47:07 Asia/Calcutta] PHP Notice:  Trying to access array offset on value of type null in /home/raptor/program/server/twitterbot/server/threads.php on line 129
[16-May-2021 18:51:02 Asia/Calcutta] PHP Notice:  Trying to access array offset on value of type null in /home/raptor/program/server/twitterbot/server/threads.php on line 129
[16-May-2021 18:52:19 Asia/Calcutta] PHP Notice:  Trying to access array offset on value of type null in /home/raptor/program/server/twitterbot/server/threads.php on line 129
[16-May-2021 18:53:12 Asia/Calcutta] PHP Notice:  Trying to access array offset on value of type null in /home/raptor/program/server/twitterbot/server/threads.php on line 129
[16-May-2021 18:53:42 Asia/Calcutta] PHP Notice:  Trying to access array offset on value of type null in /home/raptor/program/server/twitterbot/server/threads.php on line 129
[16-May-2021 18:55:24 Asia/Calcutta] PHP Notice:  Trying to access array offset on value of type null in /home/raptor/program/server/twitterbot/server/threads.php on line 129
[16-May-2021 18:56:30 Asia/Calcutta] PHP Notice:  Trying to access array offset on value of type null in /home/raptor/program/server/twitterbot/server/threads.php on line 129
[16-May-2021 19:14:55 Asia/Calcutta] PHP Notice:  Trying to access array offset on value of type null in /home/raptor/program/server/twitterbot/server/threads.php on line 129
[16-May-2021 19:15:32 Asia/Calcutta] PHP Notice:  Trying to access array offset on value of type null in /home/raptor/program/server/twitterbot/server/threads.php on line 129
[16-May-2021 19:16:32 Asia/Calcutta] PHP Notice:  Trying to access array offset on value of type null in /home/raptor/program/server/twitterbot/server/threads.php on line 129
[16-May-2021 19:21:08 Asia/Calcutta] PHP Notice:  Trying to access array offset on value of type null in /home/raptor/program/server/twitterbot/server/threads.php on line 129
[16-May-2021 19:21:32 Asia/Calcutta] PHP Notice:  Trying to access array offset on value of type null in /home/raptor/program/server/twitterbot/server/threads.php on line 129
[16-May-2021 19:26:13 Asia/Calcutta] PHP Notice:  Trying to access array offset on value of type null in /home/raptor/program/server/twitterbot/server/threads.php on line 129
[16-May-2021 19:26:19 Asia/Calcutta] PHP Notice:  Trying to access array offset on value of type null in /home/raptor/program/server/twitterbot/server/threads.php on line 129
[16-May-2021 19:26:36 Asia/Calcutta] PHP Notice:  Trying to access array offset on value of type null in /home/raptor/program/server/twitterbot/server/threads.php on line 129
[16-May-2021 19:27:25 Asia/Calcutta] PHP Notice:  Trying to access array offset on value of type null in /home/raptor/program/server/twitterbot/server/threads.php on line 129
[16-May-2021 19:27:47 Asia/Calcutta] PHP Notice:  Trying to access array offset on value of type null in /home/raptor/program/server/twitterbot/server/threads.php on line 129
[16-May-2021 19:27:55 Asia/Calcutta] PHP Notice:  Trying to access array offset on value of type null in /home/raptor/program/server/twitterbot/server/threads.php on line 129
[16-May-2021 19:28:04 Asia/Calcutta] PHP Notice:  Trying to access array offset on value of type null in /home/raptor/program/server/twitterbot/server/threads.php on line 129
[16-May-2021 19:28:23 Asia/Calcutta] PHP Notice:  Trying to access array offset on value of type null in /home/raptor/program/server/twitterbot/server/threads.php on line 129
[16-May-2021 19:54:53 Asia/Calcutta] PHP Notice:  Trying to access array offset on value of type null in /home/raptor/program/server/twitterbot/server/threads.php on line 129
[16-May-2021 19:55:18 Asia/Calcutta] PHP Notice:  Trying to access array offset on value of type null in /home/raptor/program/server/twitterbot/server/threads.php on line 129
[16-May-2021 19:56:26 Asia/Calcutta] PHP Notice:  Trying to access array offset on value of type null in /home/raptor/program/server/twitterbot/server/threads.php on line 129
[16-May-2021 19:56:56 Asia/Calcutta] PHP Notice:  Trying to access array offset on value of type null in /home/raptor/program/server/twitterbot/server/threads.php on line 129
[16-May-2021 19:57:05 Asia/Calcutta] PHP Notice:  Trying to access array offset on value of type null in /home/raptor/program/server/twitterbot/server/threads.php on line 129
[16-May-2021 19:57:24 Asia/Calcutta] PHP Notice:  Trying to access array offset on value of type null in /home/raptor/program/server/twitterbot/server/threads.php on line 129
[16-May-2021 20:09:29 Asia/Calcutta] PHP Notice:  Trying to access array offset on value of type null in /home/raptor/program/server/twitterbot/server/threads.php on line 129
[16-May-2021 20:09:37 Asia/Calcutta] PHP Notice:  Trying to access array offset on value of type null in /home/raptor/program/server/twitterbot/server/threads.php on line 129
[16-May-2021 20:13:23 Asia/Calcutta] PHP Notice:  Trying to access array offset on value of type null in /home/raptor/program/server/twitterbot/server/threads.php on line 129
[16-May-2021 20:16:44 Asia/Calcutta] PHP Notice:  Trying to access array offset on value of type null in /home/raptor/program/server/twitterbot/server/threads.php on line 129
[16-May-2021 20:18:39 Asia/Calcutta] PHP Notice:  Trying to access array offset on value of type null in /home/raptor/program/server/twitterbot/server/threads.php on line 129
[16-May-2021 20:25:40 Asia/Calcutta] PHP Notice:  Trying to access array offset on value of type null in /home/raptor/program/server/twitterbot/server/threads.php on line 129
[16-May-2021 20:26:34 Asia/Calcutta] PHP Notice:  Trying to access array offset on value of type null in /home/raptor/program/server/twitterbot/server/threads.php on line 129
[16-May-2021 20:26:59 Asia/Calcutta] PHP Notice:  Trying to access array offset on value of type null in /home/raptor/program/server/twitterbot/server/threads.php on line 129
[16-May-2021 20:29:07 Asia/Calcutta] PHP Notice:  Trying to access array offset on value of type null in /home/raptor/program/server/twitterbot/server/threads.php on line 129
[16-May-2021 20:29:12 Asia/Calcutta] PHP Notice:  Trying to access array offset on value of type null in /home/raptor/program/server/twitterbot/server/threads.php on line 129
[16-May-2021 20:29:30 Asia/Calcutta] PHP Notice:  Trying to access array offset on value of type null in /home/raptor/program/server/twitterbot/server/threads.php on line 129
[16-May-2021 20:30:00 Asia/Calcutta] PHP Notice:  Trying to access array offset on value of type null in /home/raptor/program/server/twitterbot/server/threads.php on line 129
[16-May-2021 20:49:31 Asia/Calcutta] PHP Notice:  Trying to access array offset on value of type null in /home/raptor/program/server/twitterbot/server/threads.php on line 129
[16-May-2021 20:52:30 Asia/Calcutta] PHP Notice:  Trying to access array offset on value of type null in /home/raptor/program/server/twitterbot/server/threads.php on line 129
[16-May-2021 20:52:37 Asia/Calcutta] PHP Notice:  Trying to access array offset on value of type null in /home/raptor/program/server/twitterbot/server/threads.php on line 129
[16-May-2021 20:54:18 Asia/Calcutta] PHP Notice:  Trying to access array offset on value of type null in /home/raptor/program/server/twitterbot/server/threads.php on line 129
[16-May-2021 20:55:37 Asia/Calcutta] PHP Notice:  Trying to access array offset on value of type null in /home/raptor/program/server/twitterbot/server/threads.php on line 129
[16-May-2021 20:57:50 Asia/Calcutta] PHP Notice:  Trying to access array offset on value of type null in /home/raptor/program/server/twitterbot/server/threads.php on line 129
[16-May-2021 20:58:52 Asia/Calcutta] PHP Notice:  Trying to access array offset on value of type null in /home/raptor/program/server/twitterbot/server/threads.php on line 129
[16-May-2021 20:59:10 Asia/Calcutta] PHP Notice:  Trying to access array offset on value of type null in /home/raptor/program/server/twitterbot/server/threads.php on line 129
[16-May-2021 21:04:21 Asia/Calcutta] PHP Notice:  Trying to access array offset on value of type null in /home/raptor/program/server/twitterbot/server/threads.php on line 129
[16-May-2021 21:13:41 Asia/Calcutta] PHP Notice:  Trying to access array offset on value of type null in /home/raptor/program/server/twitterbot/server/threads.php on line 129
[16-May-2021 21:14:07 Asia/Calcutta] PHP Notice:  Trying to access array offset on value of type null in /home/raptor/program/server/twitterbot/server/threads.php on line 129
[16-May-2021 21:16:54 Asia/Calcutta] PHP Notice:  Trying to access array offset on value of type null in /home/raptor/program/server/twitterbot/server/threads.php on line 129
[16-May-2021 21:16:59 Asia/Calcutta] PHP Notice:  Trying to access array offset on value of type null in /home/raptor/program/server/twitterbot/server/threads.php on line 129
[16-May-2021 21:17:53 Asia/Calcutta] PHP Notice:  Trying to access array offset on value of type null in /home/raptor/program/server/twitterbot/server/threads.php on line 129
[16-May-2021 21:18:07 Asia/Calcutta] PHP Notice:  Trying to access array offset on value of type null in /home/raptor/program/server/twitterbot/server/threads.php on line 129
[16-May-2021 21:19:26 Asia/Calcutta] PHP Notice:  Trying to access array offset on value of type null in /home/raptor/program/server/twitterbot/server/threads.php on line 129
[16-May-2021 21:19:43 Asia/Calcutta] PHP Notice:  Trying to access array offset on value of type null in /home/raptor/program/server/twitterbot/server/threads.php on line 129
[16-May-2021 21:45:33 Asia/Calcutta] PHP Notice:  Trying to access array offset on value of type null in /home/raptor/program/server/twitterbot/server/threads.php on line 129
[16-May-2021 21:47:20 Asia/Calcutta] PHP Notice:  Trying to access array offset on value of type null in /home/raptor/program/server/twitterbot/server/threads.php on line 129
[16-May-2021 23:55:04 Asia/Calcutta] PHP Notice:  Trying to access array offset on value of type null in /home/raptor/program/server/twitterbot/server/threads.php on line 129
[16-May-2021 23:55:12 Asia/Calcutta] PHP Notice:  Trying to access array offset on value of type null in /home/raptor/program/server/twitterbot/server/threads.php on line 129
[16-May-2021 23:55:17 Asia/Calcutta] PHP Notice:  Trying to access array offset on value of type null in /home/raptor/program/server/twitterbot/server/threads.php on line 129
[16-May-2021 23:58:04 Asia/Calcutta] PHP Notice:  Trying to access array offset on value of type null in /home/raptor/program/server/twitterbot/server/threads.php on line 129
[16-May-2021 23:59:07 Asia/Calcutta] PHP Notice:  Trying to access array offset on value of type null in /home/raptor/program/server/twitterbot/server/threads.php on line 129
[17-May-2021 00:04:27 Asia/Calcutta] PHP Notice:  Trying to access array offset on value of type null in /home/raptor/program/server/twitterbot/server/threads.php on line 129
[17-May-2021 00:27:54 Asia/Calcutta] PHP Notice:  Trying to access array offset on value of type null in /home/raptor/program/server/twitterbot/server/threads.php on line 130
[17-May-2021 01:28:50 Asia/Calcutta] PHP Notice:  Trying to access array offset on value of type null in /home/raptor/program/server/twitterbot/server/threads.php on line 130
[17-May-2021 01:29:01 Asia/Calcutta] PHP Notice:  Trying to access array offset on value of type null in /home/raptor/program/server/twitterbot/server/threads.php on line 130
[17-May-2021 01:29:19 Asia/Calcutta] PHP Notice:  Trying to access array offset on value of type null in /home/raptor/program/server/twitterbot/server/threads.php on line 130
[17-May-2021 01:29:42 Asia/Calcutta] PHP Notice:  Trying to access array offset on value of type null in /home/raptor/program/server/twitterbot/server/threads.php on line 130
[17-May-2021 01:30:19 Asia/Calcutta] PHP Notice:  Trying to access array offset on value of type null in /home/raptor/program/server/twitterbot/server/threads.php on line 131
[17-May-2021 01:30:43 Asia/Calcutta] PHP Notice:  Trying to access array offset on value of type null in /home/raptor/program/server/twitterbot/server/threads.php on line 131
[17-May-2021 01:30:49 Asia/Calcutta] PHP Notice:  Trying to access array offset on value of type null in /home/raptor/program/server/twitterbot/server/threads.php on line 131
[17-May-2021 01:30:55 Asia/Calcutta] PHP Notice:  Trying to access array offset on value of type null in /home/raptor/program/server/twitterbot/server/threads.php on line 131
[17-May-2021 01:58:14 Asia/Calcutta] PHP Notice:  Trying to access array offset on value of type null in /home/raptor/program/server/twitterbot/server/threads.php on line 131
[17-May-2021 01:58:21 Asia/Calcutta] PHP Notice:  Trying to access array offset on value of type null in /home/raptor/program/server/twitterbot/server/threads.php on line 131
[17-May-2021 01:58:51 Asia/Calcutta] PHP Notice:  Trying to access array offset on value of type null in /home/raptor/program/server/twitterbot/server/threads.php on line 131
[17-May-2021 03:02:38 Asia/Calcutta] PHP Notice:  Trying to access array offset on value of type null in /home/raptor/program/server/twitterbot/server/threads.php on line 131
[17-May-2021 17:07:57 Asia/Calcutta] PHP Notice:  Trying to access array offset on value of type null in /home/raptor/program/server/twitterbot/server/threads.php on line 131
[17-May-2021 17:08:07 Asia/Calcutta] PHP Notice:  Trying to access array offset on value of type null in /home/raptor/program/server/twitterbot/server/threads.php on line 131
[17-May-2021 17:08:13 Asia/Calcutta] PHP Notice:  Trying to access array offset on value of type null in /home/raptor/program/server/twitterbot/server/threads.php on line 131
[17-May-2021 17:08:19 Asia/Calcutta] PHP Notice:  Trying to access array offset on value of type null in /home/raptor/program/server/twitterbot/server/threads.php on line 131
[17-May-2021 17:15:22 Asia/Calcutta] PHP Notice:  Trying to access array offset on value of type null in /home/raptor/program/server/twitterbot/server/threads.php on line 131
[17-May-2021 17:15:27 Asia/Calcutta] PHP Notice:  Trying to access array offset on value of type null in /home/raptor/program/server/twitterbot/server/threads.php on line 131
[17-May-2021 17:15:33 Asia/Calcutta] PHP Notice:  Trying to access array offset on value of type null in /home/raptor/program/server/twitterbot/server/threads.php on line 131
[17-May-2021 17:15:39 Asia/Calcutta] PHP Notice:  Trying to access array offset on value of type null in /home/raptor/program/server/twitterbot/server/threads.php on line 131
[17-May-2021 17:15:47 Asia/Calcutta] PHP Notice:  Trying to access array offset on value of type null in /home/raptor/program/server/twitterbot/server/threads.php on line 131
[17-May-2021 17:28:49 Asia/Calcutta] PHP Notice:  Trying to access array offset on value of type null in /home/raptor/program/server/twitterbot/server/threads.php on line 131
[17-May-2021 17:28:57 Asia/Calcutta] PHP Notice:  Trying to access array offset on value of type null in /home/raptor/program/server/twitterbot/server/threads.php on line 131
[17-May-2021 17:29:10 Asia/Calcutta] PHP Notice:  Trying to access array offset on value of type null in /home/raptor/program/server/twitterbot/server/threads.php on line 131
[17-May-2021 17:53:43 Asia/Calcutta] PHP Notice:  Trying to access array offset on value of type null in /home/raptor/program/server/twitterbot/server/threads.php on line 131
[17-May-2021 17:53:49 Asia/Calcutta] PHP Notice:  Trying to access array offset on value of type null in /home/raptor/program/server/twitterbot/server/threads.php on line 131
[17-May-2021 17:54:25 Asia/Calcutta] PHP Notice:  Trying to access array offset on value of type null in /home/raptor/program/server/twitterbot/server/threads.php on line 131
[17-May-2021 17:54:30 Asia/Calcutta] PHP Notice:  Trying to access array offset on value of type null in /home/raptor/program/server/twitterbot/server/threads.php on line 131
[17-May-2021 18:07:01 Asia/Calcutta] PHP Notice:  Trying to access array offset on value of type null in /home/raptor/program/server/twitterbot/server/threads.php on line 131
[17-May-2021 18:07:08 Asia/Calcutta] PHP Notice:  Trying to access array offset on value of type null in /home/raptor/program/server/twitterbot/server/threads.php on line 131
[17-May-2021 18:07:14 Asia/Calcutta] PHP Notice:  Trying to access array offset on value of type null in /home/raptor/program/server/twitterbot/server/threads.php on line 131
[17-May-2021 18:07:20 Asia/Calcutta] PHP Notice:  Trying to access array offset on value of type null in /home/raptor/program/server/twitterbot/server/threads.php on line 131
[17-May-2021 18:07:27 Asia/Calcutta] PHP Notice:  Trying to access array offset on value of type null in /home/raptor/program/server/twitterbot/server/threads.php on line 131
[17-May-2021 18:07:39 Asia/Calcutta] PHP Notice:  Trying to access array offset on value of type null in /home/raptor/program/server/twitterbot/server/threads.php on line 131
[17-May-2021 18:07:46 Asia/Calcutta] PHP Notice:  Trying to access array offset on value of type null in /home/raptor/program/server/twitterbot/server/threads.php on line 131
[17-May-2021 18:10:50 Asia/Calcutta] PHP Notice:  Trying to access array offset on value of type null in /home/raptor/program/server/twitterbot/server/threads.php on line 131
[17-May-2021 18:10:56 Asia/Calcutta] PHP Notice:  Trying to access array offset on value of type null in /home/raptor/program/server/twitterbot/server/threads.php on line 131
[17-May-2021 18:11:13 Asia/Calcutta] PHP Notice:  Trying to access array offset on value of type null in /home/raptor/program/server/twitterbot/server/threads.php on line 131
[17-May-2021 18:13:37 Asia/Calcutta] PHP Notice:  Trying to access array offset on value of type null in /home/raptor/program/server/twitterbot/server/threads.php on line 131
[17-May-2021 18:14:25 Asia/Calcutta] PHP Notice:  Trying to access array offset on value of type null in /home/raptor/program/server/twitterbot/server/threads.php on line 131
[17-May-2021 18:14:34 Asia/Calcutta] PHP Notice:  Trying to access array offset on value of type null in /home/raptor/program/server/twitterbot/server/threads.php on line 131
[17-May-2021 18:15:59 Asia/Calcutta] PHP Notice:  Trying to access array offset on value of type null in /home/raptor/program/server/twitterbot/server/threads.php on line 131
[17-May-2021 20:01:57 Asia/Calcutta] PHP Notice:  Trying to access array offset on value of type null in /home/raptor/program/server/twitterbot/server/threads.php on line 131
[17-May-2021 20:02:59 Asia/Calcutta] PHP Notice:  Trying to access array offset on value of type null in /home/raptor/program/server/twitterbot/server/threads.php on line 131
[17-May-2021 20:03:16 Asia/Calcutta] PHP Notice:  Trying to access array offset on value of type null in /home/raptor/program/server/twitterbot/server/threads.php on line 131
[17-May-2021 20:04:58 Asia/Calcutta] PHP Notice:  Trying to access array offset on value of type null in /home/raptor/program/server/twitterbot/server/threads.php on line 131
[17-May-2021 20:05:22 Asia/Calcutta] PHP Notice:  Trying to access array offset on value of type null in /home/raptor/program/server/twitterbot/server/threads.php on line 131
[17-May-2021 21:58:52 Asia/Calcutta] PHP Notice:  Undefined index: userfile in /home/raptor/program/server/twitterbot/server/temp.php on line 3
[17-May-2021 21:58:52 Asia/Calcutta] PHP Notice:  Trying to access array offset on value of type null in /home/raptor/program/server/twitterbot/server/temp.php on line 3
[17-May-2021 21:58:52 Asia/Calcutta] PHP Notice:  Undefined index: userfile in /home/raptor/program/server/twitterbot/server/temp.php on line 5
[17-May-2021 21:58:52 Asia/Calcutta] PHP Notice:  Trying to access array offset on value of type null in /home/raptor/program/server/twitterbot/server/temp.php on line 5
[17-May-2021 21:59:35 Asia/Calcutta] PHP Notice:  Undefined index: file in /home/raptor/program/server/twitterbot/server/temp.php on line 3
[17-May-2021 21:59:35 Asia/Calcutta] PHP Notice:  Trying to access array offset on value of type null in /home/raptor/program/server/twitterbot/server/temp.php on line 3
[17-May-2021 21:59:35 Asia/Calcutta] PHP Notice:  Undefined index: file in /home/raptor/program/server/twitterbot/server/temp.php on line 5
[17-May-2021 21:59:35 Asia/Calcutta] PHP Notice:  Trying to access array offset on value of type null in /home/raptor/program/server/twitterbot/server/temp.php on line 5
[17-May-2021 22:00:21 Asia/Calcutta] PHP Notice:  Undefined index: file in /home/raptor/program/server/twitterbot/server/temp.php on line 3
[17-May-2021 22:00:21 Asia/Calcutta] PHP Notice:  Trying to access array offset on value of type null in /home/raptor/program/server/twitterbot/server/temp.php on line 3
[17-May-2021 22:00:21 Asia/Calcutta] PHP Notice:  Undefined index: file in /home/raptor/program/server/twitterbot/server/temp.php on line 5
[17-May-2021 22:00:21 Asia/Calcutta] PHP Notice:  Trying to access array offset on value of type null in /home/raptor/program/server/twitterbot/server/temp.php on line 5
[17-May-2021 22:01:33 Asia/Calcutta] PHP Warning:  move_uploaded_file(uploads/uploader.py): failed to open stream: Permission denied in /home/raptor/program/server/twitterbot/server/temp.php on line 5
[17-May-2021 22:01:33 Asia/Calcutta] PHP Warning:  move_uploaded_file(): Unable to move '/tmp/php97FNZi' to 'uploads/uploader.py' in /home/raptor/program/server/twitterbot/server/temp.php on line 5
[17-May-2021 22:02:02 Asia/Calcutta] PHP Notice:  Undefined index: name in /home/raptor/program/server/twitterbot/server/temp.php on line 3
[17-May-2021 22:02:02 Asia/Calcutta] PHP Warning:  move_uploaded_file(): The second argument to copy() function cannot be a directory in /home/raptor/program/server/twitterbot/server/temp.php on line 5
[17-May-2021 22:02:02 Asia/Calcutta] PHP Warning:  move_uploaded_file(): Unable to move '/tmp/phpniqjuc' to 'uploads/' in /home/raptor/program/server/twitterbot/server/temp.php on line 5
[18-May-2021 10:31:21 Asia/Calcutta] PHP Notice:  Trying to access array offset on value of type null in /home/raptor/program/server/twitterbot/server/threads.php on line 131
[18-May-2021 10:31:32 Asia/Calcutta] PHP Notice:  Trying to access array offset on value of type null in /home/raptor/program/server/twitterbot/server/threads.php on line 131
[18-May-2021 10:31:39 Asia/Calcutta] PHP Notice:  Trying to access array offset on value of type null in /home/raptor/program/server/twitterbot/server/threads.php on line 131
[18-May-2021 10:31:45 Asia/Calcutta] PHP Notice:  Trying to access array offset on value of type null in /home/raptor/program/server/twitterbot/server/threads.php on line 131
[18-May-2021 10:31:51 Asia/Calcutta] PHP Notice:  Trying to access array offset on value of type null in /home/raptor/program/server/twitterbot/server/threads.php on line 131
[18-May-2021 10:33:31 Asia/Calcutta] PHP Notice:  Trying to access array offset on value of type null in /home/raptor/program/server/twitterbot/server/threads.php on line 131
[18-May-2021 10:33:39 Asia/Calcutta] PHP Notice:  Trying to access array offset on value of type null in /home/raptor/program/server/twitterbot/server/threads.php on line 131
[18-May-2021 10:33:50 Asia/Calcutta] PHP Notice:  Trying to access array offset on value of type null in /home/raptor/program/server/twitterbot/server/threads.php on line 131
[18-May-2021 10:34:21 Asia/Calcutta] PHP Notice:  Trying to access array offset on value of type null in /home/raptor/program/server/twitterbot/server/threads.php on line 131
[18-May-2021 10:35:12 Asia/Calcutta] PHP Notice:  Trying to access array offset on value of type null in /home/raptor/program/server/twitterbot/server/threads.php on line 131
[18-May-2021 10:35:19 Asia/Calcutta] PHP Notice:  Trying to access array offset on value of type null in /home/raptor/program/server/twitterbot/server/threads.php on line 131
[18-May-2021 10:37:06 Asia/Calcutta] PHP Notice:  Trying to access array offset on value of type null in /home/raptor/program/server/twitterbot/server/threads.php on line 131
[18-May-2021 10:37:32 Asia/Calcutta] PHP Notice:  Trying to access array offset on value of type null in /home/raptor/program/server/twitterbot/server/threads.php on line 131
[18-May-2021 10:37:41 Asia/Calcutta] PHP Notice:  Trying to access array offset on value of type null in /home/raptor/program/server/twitterbot/server/threads.php on line 131
[18-May-2021 10:39:50 Asia/Calcutta] PHP Notice:  Trying to access array offset on value of type null in /home/raptor/program/server/twitterbot/server/threads.php on line 131
[18-May-2021 10:53:40 Asia/Calcutta] PHP Notice:  Trying to access array offset on value of type null in /home/raptor/program/server/twitterbot/server/threads.php on line 131
[18-May-2021 11:06:55 Asia/Calcutta] PHP Notice:  Trying to access array offset on value of type null in /home/raptor/program/server/twitterbot/server/threads.php on line 131
[18-May-2021 11:27:56 Asia/Calcutta] PHP Notice:  Trying to access array offset on value of type null in /home/raptor/program/server/twitterbot/server/threads.php on line 138
[18-May-2021 11:29:12 Asia/Calcutta] PHP Notice:  Trying to access array offset on value of type null in /home/raptor/program/server/twitterbot/server/threads.php on line 138
[18-May-2021 11:31:22 Asia/Calcutta] PHP Notice:  Trying to access array offset on value of type null in /home/raptor/program/server/twitterbot/server/threads.php on line 138
[18-May-2021 11:31:48 Asia/Calcutta] PHP Notice:  Trying to access array offset on value of type null in /home/raptor/program/server/twitterbot/server/threads.php on line 138
[18-May-2021 11:37:55 Asia/Calcutta] PHP Notice:  Trying to access array offset on value of type null in /home/raptor/program/server/twitterbot/server/threads.php on line 138
[18-May-2021 12:14:57 Asia/Calcutta] PHP Notice:  Trying to access array offset on value of type null in /home/raptor/program/server/twitterbot/server/threads.php on line 138
[18-May-2021 12:16:14 Asia/Calcutta] PHP Notice:  Trying to access array offset on value of type null in /home/raptor/program/server/twitterbot/server/threads.php on line 138
[18-May-2021 12:16:52 Asia/Calcutta] PHP Notice:  Trying to access array offset on value of type null in /home/raptor/program/server/twitterbot/server/threads.php on line 138
[18-May-2021 12:27:29 Asia/Calcutta] PHP Notice:  Trying to access array offset on value of type null in /home/raptor/program/server/twitterbot/server/threads.php on line 138
[18-May-2021 12:28:34 Asia/Calcutta] PHP Notice:  Trying to access array offset on value of type null in /home/raptor/program/server/twitterbot/server/threads.php on line 138
[18-May-2021 12:29:18 Asia/Calcutta] PHP Notice:  Trying to access array offset on value of type null in /home/raptor/program/server/twitterbot/server/threads.php on line 138
[18-May-2021 12:29:26 Asia/Calcutta] PHP Notice:  Trying to access array offset on value of type null in /home/raptor/program/server/twitterbot/server/threads.php on line 138
[18-May-2021 12:34:29 Asia/Calcutta] PHP Notice:  Trying to access array offset on value of type null in /home/raptor/program/server/twitterbot/server/threads.php on line 138
[18-May-2021 12:48:29 Asia/Calcutta] PHP Notice:  Trying to access array offset on value of type null in /home/raptor/program/server/twitterbot/server/threads.php on line 138
[18-May-2021 12:50:31 Asia/Calcutta] PHP Notice:  Trying to access array offset on value of type null in /home/raptor/program/server/twitterbot/server/threads.php on line 138
[18-May-2021 12:53:35 Asia/Calcutta] PHP Notice:  Trying to access array offset on value of type null in /home/raptor/program/server/twitterbot/server/threads.php on line 138
[18-May-2021 12:53:58 Asia/Calcutta] PHP Notice:  Trying to access array offset on value of type null in /home/raptor/program/server/twitterbot/server/threads.php on line 138
[18-May-2021 12:54:11 Asia/Calcutta] PHP Notice:  Trying to access array offset on value of type null in /home/raptor/program/server/twitterbot/server/threads.php on line 138
[18-May-2021 13:19:30 Asia/Calcutta] PHP Notice:  Trying to access array offset on value of type null in /home/raptor/program/server/twitterbot/server/threads.php on line 138
[18-May-2021 13:19:44 Asia/Calcutta] PHP Notice:  Trying to access array offset on value of type null in /home/raptor/program/server/twitterbot/server/threads.php on line 138
[18-May-2021 13:19:50 Asia/Calcutta] PHP Notice:  Trying to access array offset on value of type null in /home/raptor/program/server/twitterbot/server/threads.php on line 138
[18-May-2021 13:20:59 Asia/Calcutta] PHP Notice:  Trying to access array offset on value of type null in /home/raptor/program/server/twitterbot/server/threads.php on line 138
[18-May-2021 13:21:12 Asia/Calcutta] PHP Notice:  Trying to access array offset on value of type null in /home/raptor/program/server/twitterbot/server/threads.php on line 138
[18-May-2021 13:21:58 Asia/Calcutta] PHP Notice:  Trying to access array offset on value of type null in /home/raptor/program/server/twitterbot/server/threads.php on line 138
[18-May-2021 13:22:56 Asia/Calcutta] PHP Notice:  Trying to access array offset on value of type null in /home/raptor/program/server/twitterbot/server/threads.php on line 138
[18-May-2021 13:23:01 Asia/Calcutta] PHP Notice:  Trying to access array offset on value of type null in /home/raptor/program/server/twitterbot/server/threads.php on line 138
[18-May-2021 13:26:58 Asia/Calcutta] PHP Notice:  Trying to access array offset on value of type null in /home/raptor/program/server/twitterbot/server/threads.php on line 138
[18-May-2021 13:27:38 Asia/Calcutta] PHP Notice:  Trying to access array offset on value of type null in /home/raptor/program/server/twitterbot/server/threads.php on line 138
[18-May-2021 13:30:58 Asia/Calcutta] PHP Notice:  Trying to access array offset on value of type null in /home/raptor/program/server/twitterbot/server/threads.php on line 138
[18-May-2021 13:31:14 Asia/Calcutta] PHP Notice:  Trying to access array offset on value of type null in /home/raptor/program/server/twitterbot/server/threads.php on line 138
[18-May-2021 13:31:31 Asia/Calcutta] PHP Notice:  Trying to access array offset on value of type null in /home/raptor/program/server/twitterbot/server/threads.php on line 138
[18-May-2021 13:33:50 Asia/Calcutta] PHP Notice:  Trying to access array offset on value of type null in /home/raptor/program/server/twitterbot/server/threads.php on line 138
[18-May-2021 13:37:17 Asia/Calcutta] PHP Notice:  Trying to access array offset on value of type null in /home/raptor/program/server/twitterbot/server/threads.php on line 138
[18-May-2021 13:37:29 Asia/Calcutta] PHP Notice:  Trying to access array offset on value of type null in /home/raptor/program/server/twitterbot/server/threads.php on line 138
[18-May-2021 13:38:58 Asia/Calcutta] PHP Notice:  Trying to access array offset on value of type null in /home/raptor/program/server/twitterbot/server/threads.php on line 138
[18-May-2021 13:40:29 Asia/Calcutta] PHP Notice:  Trying to access array offset on value of type null in /home/raptor/program/server/twitterbot/server/threads.php on line 138
[18-May-2021 13:43:11 Asia/Calcutta] PHP Notice:  Trying to access array offset on value of type null in /home/raptor/program/server/twitterbot/server/threads.php on line 138
[18-May-2021 13:43:43 Asia/Calcutta] PHP Notice:  Trying to access array offset on value of type null in /home/raptor/program/server/twitterbot/server/threads.php on line 138
[18-May-2021 13:51:04 Asia/Calcutta] PHP Notice:  Trying to access array offset on value of type null in /home/raptor/program/server/twitterbot/server/threads.php on line 138
[18-May-2021 13:53:58 Asia/Calcutta] PHP Notice:  Trying to access array offset on value of type null in /home/raptor/program/server/twitterbot/server/threads.php on line 138
[18-May-2021 13:54:35 Asia/Calcutta] PHP Notice:  Trying to access array offset on value of type null in /home/raptor/program/server/twitterbot/server/threads.php on line 138
[18-May-2021 13:54:55 Asia/Calcutta] PHP Notice:  Trying to access array offset on value of type null in /home/raptor/program/server/twitterbot/server/threads.php on line 138
[18-May-2021 13:58:43 Asia/Calcutta] PHP Notice:  Trying to access array offset on value of type null in /home/raptor/program/server/twitterbot/server/threads.php on line 138
[18-May-2021 13:59:25 Asia/Calcutta] PHP Notice:  Trying to access array offset on value of type null in /home/raptor/program/server/twitterbot/server/threads.php on line 138
[18-May-2021 14:04:45 Asia/Calcutta] PHP Notice:  Trying to access array offset on value of type null in /home/raptor/program/server/twitterbot/server/threads.php on line 138
[18-May-2021 14:18:30 Asia/Calcutta] PHP Notice:  Trying to access array offset on value of type null in /home/raptor/program/server/twitterbot/server/threads.php on line 138
[18-May-2021 14:23:35 Asia/Calcutta] PHP Notice:  Trying to access array offset on value of type null in /home/raptor/program/server/twitterbot/server/threads.php on line 138
[18-May-2021 14:24:40 Asia/Calcutta] PHP Notice:  Trying to access array offset on value of type null in /home/raptor/program/server/twitterbot/server/threads.php on line 138
[18-May-2021 14:25:25 Asia/Calcutta] PHP Notice:  Trying to access array offset on value of type null in /home/raptor/program/server/twitterbot/server/threads.php on line 138
[18-May-2021 14:26:15 Asia/Calcutta] PHP Notice:  Trying to access array offset on value of type null in /home/raptor/program/server/twitterbot/server/threads.php on line 138
[18-May-2021 14:26:42 Asia/Calcutta] PHP Notice:  Trying to access array offset on value of type null in /home/raptor/program/server/twitterbot/server/threads.php on line 138
[18-May-2021 14:27:05 Asia/Calcutta] PHP Notice:  Trying to access array offset on value of type null in /home/raptor/program/server/twitterbot/server/threads.php on line 138
[18-May-2021 14:27:21 Asia/Calcutta] PHP Notice:  Trying to access array offset on value of type null in /home/raptor/program/server/twitterbot/server/threads.php on line 138
[18-May-2021 14:27:34 Asia/Calcutta] PHP Notice:  Trying to access array offset on value of type null in /home/raptor/program/server/twitterbot/server/threads.php on line 138
[18-May-2021 14:28:25 Asia/Calcutta] PHP Notice:  Trying to access array offset on value of type null in /home/raptor/program/server/twitterbot/server/threads.php on line 138
[18-May-2021 14:32:12 Asia/Calcutta] PHP Notice:  Trying to access array offset on value of type null in /home/raptor/program/server/twitterbot/server/threads.php on line 138
[18-May-2021 14:32:44 Asia/Calcutta] PHP Notice:  Trying to access array offset on value of type null in /home/raptor/program/server/twitterbot/server/threads.php on line 138
[18-May-2021 14:33:37 Asia/Calcutta] PHP Notice:  Trying to access array offset on value of type null in /home/raptor/program/server/twitterbot/server/threads.php on line 138
[18-May-2021 14:33:54 Asia/Calcutta] PHP Notice:  Trying to access array offset on value of type null in /home/raptor/program/server/twitterbot/server/threads.php on line 138
[18-May-2021 14:34:41 Asia/Calcutta] PHP Notice:  Trying to access array offset on value of type null in /home/raptor/program/server/twitterbot/server/threads.php on line 138
[18-May-2021 14:39:49 Asia/Calcutta] PHP Notice:  Trying to access array offset on value of type null in /home/raptor/program/server/twitterbot/server/threads.php on line 138
[18-May-2021 14:40:21 Asia/Calcutta] PHP Notice:  Trying to access array offset on value of type null in /home/raptor/program/server/twitterbot/server/threads.php on line 138
[18-May-2021 14:41:31 Asia/Calcutta] PHP Notice:  Trying to access array offset on value of type null in /home/raptor/program/server/twitterbot/server/threads.php on line 138
[18-May-2021 14:42:52 Asia/Calcutta] PHP Notice:  Trying to access array offset on value of type null in /home/raptor/program/server/twitterbot/server/threads.php on line 138
[18-May-2021 14:43:39 Asia/Calcutta] PHP Notice:  Trying to access array offset on value of type null in /home/raptor/program/server/twitterbot/server/threads.php on line 138
[18-May-2021 14:44:35 Asia/Calcutta] PHP Notice:  Trying to access array offset on value of type null in /home/raptor/program/server/twitterbot/server/threads.php on line 138
[18-May-2021 14:45:39 Asia/Calcutta] PHP Notice:  Trying to access array offset on value of type null in /home/raptor/program/server/twitterbot/server/threads.php on line 138
[18-May-2021 14:46:29 Asia/Calcutta] PHP Notice:  Trying to access array offset on value of type null in /home/raptor/program/server/twitterbot/server/threads.php on line 138
[18-May-2021 14:47:07 Asia/Calcutta] PHP Notice:  Trying to access array offset on value of type null in /home/raptor/program/server/twitterbot/server/threads.php on line 138
[18-May-2021 14:47:55 Asia/Calcutta] PHP Notice:  Trying to access array offset on value of type null in /home/raptor/program/server/twitterbot/server/threads.php on line 138
[18-May-2021 14:48:27 Asia/Calcutta] PHP Notice:  Trying to access array offset on value of type null in /home/raptor/program/server/twitterbot/server/threads.php on line 138
[18-May-2021 14:48:33 Asia/Calcutta] PHP Notice:  Trying to access array offset on value of type null in /home/raptor/program/server/twitterbot/server/threads.php on line 138
[18-May-2021 14:49:02 Asia/Calcutta] PHP Notice:  Trying to access array offset on value of type null in /home/raptor/program/server/twitterbot/server/threads.php on line 138
[18-May-2021 14:51:07 Asia/Calcutta] PHP Notice:  Trying to access array offset on value of type null in /home/raptor/program/server/twitterbot/server/threads.php on line 138
[18-May-2021 14:51:48 Asia/Calcutta] PHP Notice:  Trying to access array offset on value of type null in /home/raptor/program/server/twitterbot/server/threads.php on line 138
[18-May-2021 14:51:56 Asia/Calcutta] PHP Notice:  Trying to access array offset on value of type null in /home/raptor/program/server/twitterbot/server/threads.php on line 138
[18-May-2021 14:56:54 Asia/Calcutta] PHP Notice:  Trying to access array offset on value of type null in /home/raptor/program/server/twitterbot/server/threads.php on line 138
[18-May-2021 14:56:59 Asia/Calcutta] PHP Notice:  Trying to access array offset on value of type null in /home/raptor/program/server/twitterbot/server/threads.php on line 138
[18-May-2021 14:58:13 Asia/Calcutta] PHP Notice:  Trying to access array offset on value of type null in /home/raptor/program/server/twitterbot/server/threads.php on line 138
[18-May-2021 14:59:31 Asia/Calcutta] PHP Notice:  Trying to access array offset on value of type null in /home/raptor/program/server/twitterbot/server/threads.php on line 138
[18-May-2021 15:00:09 Asia/Calcutta] PHP Notice:  Trying to access array offset on value of type null in /home/raptor/program/server/twitterbot/server/threads.php on line 138
[18-May-2021 15:01:03 Asia/Calcutta] PHP Notice:  Trying to access array offset on value of type null in /home/raptor/program/server/twitterbot/server/threads.php on line 138
[18-May-2021 15:01:08 Asia/Calcutta] PHP Notice:  Trying to access array offset on value of type null in /home/raptor/program/server/twitterbot/server/threads.php on line 138
[18-May-2021 15:02:16 Asia/Calcutta] PHP Notice:  Trying to access array offset on value of type null in /home/raptor/program/server/twitterbot/server/threads.php on line 138
[18-May-2021 15:02:44 Asia/Calcutta] PHP Notice:  Trying to access array offset on value of type null in /home/raptor/program/server/twitterbot/server/threads.php on line 138
[18-May-2021 15:04:31 Asia/Calcutta] PHP Notice:  Trying to access array offset on value of type null in /home/raptor/program/server/twitterbot/server/threads.php on line 138
[18-May-2021 15:31:07 Asia/Calcutta] PHP Notice:  Trying to access array offset on value of type null in /home/raptor/program/server/twitterbot/server/threads.php on line 138
[18-May-2021 15:31:25 Asia/Calcutta] PHP Notice:  Trying to access array offset on value of type null in /home/raptor/program/server/twitterbot/server/threads.php on line 138
[18-May-2021 15:31:51 Asia/Calcutta] PHP Notice:  Trying to access array offset on value of type null in /home/raptor/program/server/twitterbot/server/threads.php on line 138
[18-May-2021 15:33:12 Asia/Calcutta] PHP Notice:  Trying to access array offset on value of type null in /home/raptor/program/server/twitterbot/server/threads.php on line 138
[18-May-2021 15:33:33 Asia/Calcutta] PHP Notice:  Trying to access array offset on value of type null in /home/raptor/program/server/twitterbot/server/threads.php on line 138
[18-May-2021 15:34:48 Asia/Calcutta] PHP Notice:  Trying to access array offset on value of type null in /home/raptor/program/server/twitterbot/server/threads.php on line 138
[18-May-2021 15:35:11 Asia/Calcutta] PHP Notice:  Trying to access array offset on value of type null in /home/raptor/program/server/twitterbot/server/threads.php on line 138
[18-May-2021 15:35:18 Asia/Calcutta] PHP Notice:  Trying to access array offset on value of type null in /home/raptor/program/server/twitterbot/server/threads.php on line 138
[18-May-2021 15:35:51 Asia/Calcutta] PHP Notice:  Trying to access array offset on value of type null in /home/raptor/program/server/twitterbot/server/threads.php on line 138
[18-May-2021 15:54:00 Asia/Calcutta] PHP Notice:  Trying to access array offset on value of type null in /home/raptor/program/server/twitterbot/server/threads.php on line 138
[18-May-2021 15:55:23 Asia/Calcutta] PHP Notice:  Trying to access array offset on value of type null in /home/raptor/program/server/twitterbot/server/threads.php on line 138
[18-May-2021 15:55:31 Asia/Calcutta] PHP Notice:  Trying to access array offset on value of type null in /home/raptor/program/server/twitterbot/server/threads.php on line 138
[18-May-2021 15:55:58 Asia/Calcutta] PHP Notice:  Trying to access array offset on value of type null in /home/raptor/program/server/twitterbot/server/threads.php on line 138
[18-May-2021 15:56:48 Asia/Calcutta] PHP Notice:  Trying to access array offset on value of type null in /home/raptor/program/server/twitterbot/server/threads.php on line 138
[18-May-2021 15:57:51 Asia/Calcutta] PHP Notice:  Trying to access array offset on value of type null in /home/raptor/program/server/twitterbot/server/threads.php on line 138
[18-May-2021 15:58:35 Asia/Calcutta] PHP Notice:  Trying to access array offset on value of type null in /home/raptor/program/server/twitterbot/server/threads.php on line 138
[18-May-2021 15:58:58 Asia/Calcutta] PHP Notice:  Trying to access array offset on value of type null in /home/raptor/program/server/twitterbot/server/threads.php on line 138
[18-May-2021 15:59:10 Asia/Calcutta] PHP Notice:  Trying to access array offset on value of type null in /home/raptor/program/server/twitterbot/server/threads.php on line 138
[18-May-2021 16:00:07 Asia/Calcutta] PHP Notice:  Trying to access array offset on value of type null in /home/raptor/program/server/twitterbot/server/threads.php on line 138
[18-May-2021 16:02:10 Asia/Calcutta] PHP Notice:  Trying to access array offset on value of type null in /home/raptor/program/server/twitterbot/server/threads.php on line 138
[18-May-2021 16:06:12 Asia/Calcutta] PHP Notice:  Trying to access array offset on value of type null in /home/raptor/program/server/twitterbot/server/threads.php on line 138
[18-May-2021 16:06:40 Asia/Calcutta] PHP Notice:  Trying to access array offset on value of type null in /home/raptor/program/server/twitterbot/server/threads.php on line 138
[18-May-2021 16:06:54 Asia/Calcutta] PHP Notice:  Trying to access array offset on value of type null in /home/raptor/program/server/twitterbot/server/threads.php on line 138
[18-May-2021 16:07:58 Asia/Calcutta] PHP Notice:  Trying to access array offset on value of type null in /home/raptor/program/server/twitterbot/server/threads.php on line 138
[18-May-2021 16:08:19 Asia/Calcutta] PHP Notice:  Trying to access array offset on value of type null in /home/raptor/program/server/twitterbot/server/threads.php on line 138
[18-May-2021 16:08:30 Asia/Calcutta] PHP Notice:  Trying to access array offset on value of type null in /home/raptor/program/server/twitterbot/server/threads.php on line 138
[18-May-2021 16:10:20 Asia/Calcutta] PHP Notice:  Trying to access array offset on value of type null in /home/raptor/program/server/twitterbot/server/threads.php on line 138
[18-May-2021 16:19:27 Asia/Calcutta] PHP Notice:  Trying to access array offset on value of type null in /home/raptor/program/server/twitterbot/server/threads.php on line 138
[18-May-2021 16:20:18 Asia/Calcutta] PHP Notice:  Trying to access array offset on value of type null in /home/raptor/program/server/twitterbot/server/threads.php on line 138
[18-May-2021 16:20:57 Asia/Calcutta] PHP Notice:  Trying to access array offset on value of type null in /home/raptor/program/server/twitterbot/server/threads.php on line 138
[18-May-2021 16:21:38 Asia/Calcutta] PHP Notice:  Trying to access array offset on value of type null in /home/raptor/program/server/twitterbot/server/threads.php on line 138
[18-May-2021 16:21:45 Asia/Calcutta] PHP Notice:  Trying to access array offset on value of type null in /home/raptor/program/server/twitterbot/server/threads.php on line 138
[18-May-2021 16:22:26 Asia/Calcutta] PHP Notice:  Trying to access array offset on value of type null in /home/raptor/program/server/twitterbot/server/threads.php on line 138
[18-May-2021 16:24:34 Asia/Calcutta] PHP Notice:  Trying to access array offset on value of type null in /home/raptor/program/server/twitterbot/server/threads.php on line 138
[18-May-2021 16:24:40 Asia/Calcutta] PHP Notice:  Trying to access array offset on value of type null in /home/raptor/program/server/twitterbot/server/threads.php on line 138
[18-May-2021 16:25:11 Asia/Calcutta] PHP Notice:  Trying to access array offset on value of type null in /home/raptor/program/server/twitterbot/server/threads.php on line 138
[18-May-2021 16:25:19 Asia/Calcutta] PHP Notice:  Trying to access array offset on value of type null in /home/raptor/program/server/twitterbot/server/threads.php on line 138
[18-May-2021 16:25:29 Asia/Calcutta] PHP Notice:  Trying to access array offset on value of type null in /home/raptor/program/server/twitterbot/server/threads.php on line 138
[18-May-2021 16:25:51 Asia/Calcutta] PHP Notice:  Trying to access array offset on value of type null in /home/raptor/program/server/twitterbot/server/threads.php on line 138
[18-May-2021 16:26:11 Asia/Calcutta] PHP Notice:  Trying to access array offset on value of type null in /home/raptor/program/server/twitterbot/server/threads.php on line 138
[18-May-2021 16:26:17 Asia/Calcutta] PHP Notice:  Trying to access array offset on value of type null in /home/raptor/program/server/twitterbot/server/threads.php on line 138
[18-May-2021 16:26:48 Asia/Calcutta] PHP Notice:  Trying to access array offset on value of type null in /home/raptor/program/server/twitterbot/server/threads.php on line 138
[18-May-2021 16:27:05 Asia/Calcutta] PHP Notice:  Trying to access array offset on value of type null in /home/raptor/program/server/twitterbot/server/threads.php on line 138
[18-May-2021 16:28:32 Asia/Calcutta] PHP Notice:  Trying to access array offset on value of type null in /home/raptor/program/server/twitterbot/server/threads.php on line 138
[18-May-2021 16:28:39 Asia/Calcutta] PHP Notice:  Trying to access array offset on value of type null in /home/raptor/program/server/twitterbot/server/threads.php on line 138
[18-May-2021 16:30:06 Asia/Calcutta] PHP Notice:  Trying to access array offset on value of type null in /home/raptor/program/server/twitterbot/server/threads.php on line 138
[18-May-2021 16:31:01 Asia/Calcutta] PHP Notice:  Trying to access array offset on value of type null in /home/raptor/program/server/twitterbot/server/threads.php on line 138
[18-May-2021 16:31:07 Asia/Calcutta] PHP Notice:  Trying to access array offset on value of type null in /home/raptor/program/server/twitterbot/server/threads.php on line 138
[18-May-2021 16:33:02 Asia/Calcutta] PHP Notice:  Trying to access array offset on value of type null in /home/raptor/program/server/twitterbot/server/threads.php on line 138
[18-May-2021 16:35:50 Asia/Calcutta] PHP Notice:  Trying to access array offset on value of type null in /home/raptor/program/server/twitterbot/server/threads.php on line 138
[18-May-2021 16:45:47 Asia/Calcutta] PHP Notice:  Trying to access array offset on value of type null in /home/raptor/program/server/twitterbot/server/threads.php on line 138
[18-May-2021 17:04:58 Asia/Calcutta] PHP Notice:  Trying to access array offset on value of type null in /home/raptor/program/server/twitterbot/server/threads.php on line 138
[18-May-2021 17:07:11 Asia/Calcutta] PHP Notice:  Trying to access array offset on value of type null in /home/raptor/program/server/twitterbot/server/threads.php on line 138
[18-May-2021 17:07:17 Asia/Calcutta] PHP Notice:  Trying to access array offset on value of type null in /home/raptor/program/server/twitterbot/server/threads.php on line 138
[18-May-2021 17:08:06 Asia/Calcutta] PHP Notice:  Trying to access array offset on value of type null in /home/raptor/program/server/twitterbot/server/threads.php on line 138
[18-May-2021 17:10:39 Asia/Calcutta] PHP Notice:  Trying to access array offset on value of type null in /home/raptor/program/server/twitterbot/server/threads.php on line 138
[18-May-2021 19:25:04 Asia/Calcutta] PHP Notice:  Trying to access array offset on value of type null in /home/raptor/program/server/twitterbot/server/threads.php on line 138
[18-May-2021 19:30:35 Asia/Calcutta] PHP Notice:  Trying to access array offset on value of type null in /home/raptor/program/server/twitterbot/server/threads.php on line 138
[18-May-2021 19:35:02 Asia/Calcutta] PHP Notice:  Trying to access array offset on value of type null in /home/raptor/program/server/twitterbot/server/threads.php on line 138
[18-May-2021 19:37:28 Asia/Calcutta] PHP Notice:  Trying to access array offset on value of type null in /home/raptor/program/server/twitterbot/server/threads.php on line 138
[18-May-2021 19:39:09 Asia/Calcutta] PHP Notice:  Trying to access array offset on value of type null in /home/raptor/program/server/twitterbot/server/threads.php on line 138
[18-May-2021 19:40:02 Asia/Calcutta] PHP Notice:  Trying to access array offset on value of type null in /home/raptor/program/server/twitterbot/server/threads.php on line 138
[18-May-2021 19:44:27 Asia/Calcutta] PHP Notice:  Trying to access array offset on value of type null in /home/raptor/program/server/twitterbot/server/threads.php on line 138
[18-May-2021 19:44:38 Asia/Calcutta] PHP Notice:  Trying to access array offset on value of type null in /home/raptor/program/server/twitterbot/server/threads.php on line 138
[18-May-2021 19:44:58 Asia/Calcutta] PHP Notice:  Trying to access array offset on value of type null in /home/raptor/program/server/twitterbot/server/threads.php on line 138
[18-May-2021 19:46:12 Asia/Calcutta] PHP Notice:  Trying to access array offset on value of type null in /home/raptor/program/server/twitterbot/server/threads.php on line 138
[18-May-2021 19:50:35 Asia/Calcutta] PHP Notice:  Trying to access array offset on value of type null in /home/raptor/program/server/twitterbot/server/threads.php on line 138
[18-May-2021 19:51:53 Asia/Calcutta] PHP Notice:  Trying to access array offset on value of type null in /home/raptor/program/server/twitterbot/server/threads.php on line 138
[18-May-2021 20:07:25 Asia/Calcutta] PHP Notice:  Trying to access array offset on value of type null in /home/raptor/program/server/twitterbot/server/threads.php on line 138
[18-May-2021 20:07:43 Asia/Calcutta] PHP Notice:  Trying to access array offset on value of type null in /home/raptor/program/server/twitterbot/server/threads.php on line 138
[18-May-2021 20:08:23 Asia/Calcutta] PHP Notice:  Trying to access array offset on value of type null in /home/raptor/program/server/twitterbot/server/threads.php on line 138
[18-May-2021 20:08:46 Asia/Calcutta] PHP Notice:  Trying to access array offset on value of type null in /home/raptor/program/server/twitterbot/server/threads.php on line 138
[18-May-2021 20:08:57 Asia/Calcutta] PHP Notice:  Trying to access array offset on value of type null in /home/raptor/program/server/twitterbot/server/threads.php on line 138
[18-May-2021 21:19:54 Asia/Calcutta] PHP Notice:  Trying to access array offset on value of type null in /home/raptor/program/server/twitterbot/server/threads.php on line 138
[18-May-2021 21:21:29 Asia/Calcutta] PHP Notice:  Trying to access array offset on value of type null in /home/raptor/program/server/twitterbot/server/threads.php on line 138
[18-May-2021 21:22:12 Asia/Calcutta] PHP Notice:  Trying to access array offset on value of type null in /home/raptor/program/server/twitterbot/server/threads.php on line 138
[18-May-2021 21:22:47 Asia/Calcutta] PHP Notice:  Trying to access array offset on value of type null in /home/raptor/program/server/twitterbot/server/threads.php on line 138
[18-May-2021 21:23:47 Asia/Calcutta] PHP Notice:  Trying to access array offset on value of type null in /home/raptor/program/server/twitterbot/server/threads.php on line 138
[18-May-2021 21:24:48 Asia/Calcutta] PHP Notice:  Trying to access array offset on value of type null in /home/raptor/program/server/twitterbot/server/threads.php on line 138
[18-May-2021 21:25:46 Asia/Calcutta] PHP Notice:  Trying to access array offset on value of type null in /home/raptor/program/server/twitterbot/server/threads.php on line 138
[18-May-2021 21:26:44 Asia/Calcutta] PHP Notice:  Trying to access array offset on value of type null in /home/raptor/program/server/twitterbot/server/threads.php on line 138
[18-May-2021 21:28:34 Asia/Calcutta] PHP Notice:  Trying to access array offset on value of type null in /home/raptor/program/server/twitterbot/server/threads.php on line 138
[18-May-2021 21:29:22 Asia/Calcutta] PHP Notice:  Trying to access array offset on value of type null in /home/raptor/program/server/twitterbot/server/threads.php on line 138
[19-May-2021 13:03:18 Asia/Calcutta] PHP Notice:  Trying to access array offset on value of type null in /home/raptor/program/server/twitterbot/server/threads.php on line 138
[19-May-2021 13:03:38 Asia/Calcutta] PHP Notice:  Trying to access array offset on value of type null in /home/raptor/program/server/twitterbot/server/threads.php on line 138
[19-May-2021 13:10:51 Asia/Calcutta] PHP Notice:  Trying to access array offset on value of type null in /home/raptor/program/server/twitterbot/server/threads.php on line 138
[19-May-2021 13:12:47 Asia/Calcutta] PHP Notice:  Trying to access array offset on value of type null in /home/raptor/program/server/twitterbot/server/threads.php on line 138
[19-May-2021 13:15:54 Asia/Calcutta] PHP Notice:  Trying to access array offset on value of type null in /home/raptor/program/server/twitterbot/server/threads.php on line 138
[19-May-2021 13:18:07 Asia/Calcutta] PHP Notice:  Trying to access array offset on value of type null in /home/raptor/program/server/twitterbot/server/threads.php on line 138
[19-May-2021 13:22:00 Asia/Calcutta] PHP Notice:  Trying to access array offset on value of type null in /home/raptor/program/server/twitterbot/server/threads.php on line 138
[19-May-2021 13:22:08 Asia/Calcutta] PHP Notice:  Trying to access array offset on value of type null in /home/raptor/program/server/twitterbot/server/threads.php on line 138
[19-May-2021 13:25:51 Asia/Calcutta] PHP Notice:  Trying to access array offset on value of type null in /home/raptor/program/server/twitterbot/server/threads.php on line 138
[19-May-2021 13:26:40 Asia/Calcutta] PHP Notice:  Trying to access array offset on value of type null in /home/raptor/program/server/twitterbot/server/threads.php on line 138
[19-May-2021 13:27:21 Asia/Calcutta] PHP Notice:  Trying to access array offset on value of type null in /home/raptor/program/server/twitterbot/server/threads.php on line 138
[19-May-2021 13:27:29 Asia/Calcutta] PHP Notice:  Trying to access array offset on value of type null in /home/raptor/program/server/twitterbot/server/threads.php on line 138
[19-May-2021 13:29:20 Asia/Calcutta] PHP Notice:  Trying to access array offset on value of type null in /home/raptor/program/server/twitterbot/server/threads.php on line 138
[19-May-2021 13:29:34 Asia/Calcutta] PHP Notice:  Trying to access array offset on value of type null in /home/raptor/program/server/twitterbot/server/threads.php on line 138
[19-May-2021 13:34:49 Asia/Calcutta] PHP Notice:  Trying to access array offset on value of type null in /home/raptor/program/server/twitterbot/server/threads.php on line 138
[19-May-2021 13:36:11 Asia/Calcutta] PHP Notice:  Trying to access array offset on value of type null in /home/raptor/program/server/twitterbot/server/threads.php on line 138
[19-May-2021 13:38:15 Asia/Calcutta] PHP Notice:  Trying to access array offset on value of type null in /home/raptor/program/server/twitterbot/server/threads.php on line 138
[19-May-2021 13:48:01 Asia/Calcutta] PHP Notice:  Trying to access array offset on value of type null in /home/raptor/program/server/twitterbot/server/threads.php on line 138
[19-May-2021 13:48:13 Asia/Calcutta] PHP Notice:  Trying to access array offset on value of type null in /home/raptor/program/server/twitterbot/server/threads.php on line 138
[19-May-2021 13:48:19 Asia/Calcutta] PHP Notice:  Trying to access array offset on value of type null in /home/raptor/program/server/twitterbot/server/threads.php on line 138
[19-May-2021 13:48:57 Asia/Calcutta] PHP Notice:  Trying to access array offset on value of type null in /home/raptor/program/server/twitterbot/server/threads.php on line 138
[19-May-2021 13:50:30 Asia/Calcutta] PHP Notice:  Trying to access array offset on value of type null in /home/raptor/program/server/twitterbot/server/threads.php on line 138
[19-May-2021 13:50:37 Asia/Calcutta] PHP Notice:  Trying to access array offset on value of type null in /home/raptor/program/server/twitterbot/server/threads.php on line 138
[19-May-2021 13:51:11 Asia/Calcutta] PHP Notice:  Trying to access array offset on value of type null in /home/raptor/program/server/twitterbot/server/threads.php on line 138
[19-May-2021 13:51:17 Asia/Calcutta] PHP Notice:  Trying to access array offset on value of type null in /home/raptor/program/server/twitterbot/server/threads.php on line 138
[19-May-2021 13:51:22 Asia/Calcutta] PHP Notice:  Trying to access array offset on value of type null in /home/raptor/program/server/twitterbot/server/threads.php on line 138
[19-May-2021 13:54:46 Asia/Calcutta] PHP Notice:  Trying to access array offset on value of type null in /home/raptor/program/server/twitterbot/server/threads.php on line 138
[19-May-2021 13:56:48 Asia/Calcutta] PHP Notice:  Trying to access array offset on value of type null in /home/raptor/program/server/twitterbot/server/threads.php on line 138
[19-May-2021 14:01:35 Asia/Calcutta] PHP Notice:  Trying to access array offset on value of type null in /home/raptor/program/server/twitterbot/server/threads.php on line 138
[19-May-2021 14:04:14 Asia/Calcutta] PHP Notice:  Trying to access array offset on value of type null in /home/raptor/program/server/twitterbot/server/threads.php on line 138
[19-May-2021 14:05:47 Asia/Calcutta] PHP Notice:  Trying to access array offset on value of type null in /home/raptor/program/server/twitterbot/server/threads.php on line 138
[19-May-2021 14:06:29 Asia/Calcutta] PHP Notice:  Trying to access array offset on value of type null in /home/raptor/program/server/twitterbot/server/threads.php on line 138
[19-May-2021 14:06:39 Asia/Calcutta] PHP Notice:  Trying to access array offset on value of type null in /home/raptor/program/server/twitterbot/server/threads.php on line 138
[19-May-2021 14:10:49 Asia/Calcutta] PHP Notice:  Trying to access array offset on value of type null in /home/raptor/program/server/twitterbot/server/threads.php on line 138
[19-May-2021 14:11:11 Asia/Calcutta] PHP Notice:  Trying to access array offset on value of type null in /home/raptor/program/server/twitterbot/server/threads.php on line 138
[19-May-2021 14:11:19 Asia/Calcutta] PHP Notice:  Trying to access array offset on value of type null in /home/raptor/program/server/twitterbot/server/threads.php on line 138
[19-May-2021 14:13:39 Asia/Calcutta] PHP Notice:  Trying to access array offset on value of type null in /home/raptor/program/server/twitterbot/server/threads.php on line 138
[19-May-2021 14:15:53 Asia/Calcutta] PHP Notice:  Trying to access array offset on value of type null in /home/raptor/program/server/twitterbot/server/threads.php on line 138
[19-May-2021 14:19:32 Asia/Calcutta] PHP Notice:  Trying to access array offset on value of type null in /home/raptor/program/server/twitterbot/server/threads.php on line 138
[19-May-2021 14:20:35 Asia/Calcutta] PHP Notice:  Trying to access array offset on value of type null in /home/raptor/program/server/twitterbot/server/threads.php on line 138
[19-May-2021 14:20:41 Asia/Calcutta] PHP Notice:  Trying to access array offset on value of type null in /home/raptor/program/server/twitterbot/server/threads.php on line 138
[19-May-2021 14:20:48 Asia/Calcutta] PHP Notice:  Trying to access array offset on value of type null in /home/raptor/program/server/twitterbot/server/threads.php on line 138
[19-May-2021 14:21:18 Asia/Calcutta] PHP Notice:  Trying to access array offset on value of type null in /home/raptor/program/server/twitterbot/server/threads.php on line 138
[19-May-2021 14:23:32 Asia/Calcutta] PHP Notice:  Trying to access array offset on value of type null in /home/raptor/program/server/twitterbot/server/threads.php on line 138
[19-May-2021 14:24:11 Asia/Calcutta] PHP Notice:  Trying to access array offset on value of type null in /home/raptor/program/server/twitterbot/server/threads.php on line 138
[19-May-2021 14:25:44 Asia/Calcutta] PHP Notice:  Trying to access array offset on value of type null in /home/raptor/program/server/twitterbot/server/threads.php on line 138
[19-May-2021 14:26:46 Asia/Calcutta] PHP Notice:  Trying to access array offset on value of type null in /home/raptor/program/server/twitterbot/server/threads.php on line 138
[19-May-2021 14:27:21 Asia/Calcutta] PHP Notice:  Trying to access array offset on value of type null in /home/raptor/program/server/twitterbot/server/threads.php on line 138
[19-May-2021 14:28:47 Asia/Calcutta] PHP Notice:  Trying to access array offset on value of type null in /home/raptor/program/server/twitterbot/server/threads.php on line 138
[19-May-2021 14:28:58 Asia/Calcutta] PHP Notice:  Trying to access array offset on value of type null in /home/raptor/program/server/twitterbot/server/threads.php on line 138
[19-May-2021 14:31:17 Asia/Calcutta] PHP Notice:  Trying to access array offset on value of type null in /home/raptor/program/server/twitterbot/server/threads.php on line 138
[19-May-2021 14:32:51 Asia/Calcutta] PHP Notice:  Trying to access array offset on value of type null in /home/raptor/program/server/twitterbot/server/threads.php on line 138
[19-May-2021 14:33:16 Asia/Calcutta] PHP Notice:  Trying to access array offset on value of type null in /home/raptor/program/server/twitterbot/server/threads.php on line 138
[19-May-2021 14:34:07 Asia/Calcutta] PHP Notice:  Trying to access array offset on value of type null in /home/raptor/program/server/twitterbot/server/threads.php on line 138
[19-May-2021 14:35:07 Asia/Calcutta] PHP Notice:  Trying to access array offset on value of type null in /home/raptor/program/server/twitterbot/server/threads.php on line 138
[19-May-2021 14:37:08 Asia/Calcutta] PHP Notice:  Trying to access array offset on value of type null in /home/raptor/program/server/twitterbot/server/threads.php on line 138
[19-May-2021 14:37:19 Asia/Calcutta] PHP Notice:  Trying to access array offset on value of type null in /home/raptor/program/server/twitterbot/server/threads.php on line 138
[19-May-2021 14:38:34 Asia/Calcutta] PHP Notice:  Trying to access array offset on value of type null in /home/raptor/program/server/twitterbot/server/threads.php on line 138
[19-May-2021 14:38:40 Asia/Calcutta] PHP Notice:  Trying to access array offset on value of type null in /home/raptor/program/server/twitterbot/server/threads.php on line 138
[19-May-2021 15:01:12 Asia/Calcutta] PHP Notice:  Trying to access array offset on value of type null in /home/raptor/program/server/twitterbot/server/threads.php on line 138
[19-May-2021 15:03:06 Asia/Calcutta] PHP Notice:  Trying to access array offset on value of type null in /home/raptor/program/server/twitterbot/server/threads.php on line 138
[19-May-2021 15:03:29 Asia/Calcutta] PHP Notice:  Trying to access array offset on value of type null in /home/raptor/program/server/twitterbot/server/threads.php on line 138
[19-May-2021 15:04:33 Asia/Calcutta] PHP Notice:  Trying to access array offset on value of type null in /home/raptor/program/server/twitterbot/server/threads.php on line 138
[19-May-2021 15:04:43 Asia/Calcutta] PHP Notice:  Trying to access array offset on value of type null in /home/raptor/program/server/twitterbot/server/threads.php on line 138
[19-May-2021 15:05:27 Asia/Calcutta] PHP Notice:  Trying to access array offset on value of type null in /home/raptor/program/server/twitterbot/server/threads.php on line 138
[19-May-2021 15:06:03 Asia/Calcutta] PHP Notice:  Trying to access array offset on value of type null in /home/raptor/program/server/twitterbot/server/threads.php on line 138
[19-May-2021 15:06:34 Asia/Calcutta] PHP Notice:  Trying to access array offset on value of type null in /home/raptor/program/server/twitterbot/server/threads.php on line 138
[19-May-2021 15:06:59 Asia/Calcutta] PHP Notice:  Trying to access array offset on value of type null in /home/raptor/program/server/twitterbot/server/threads.php on line 138
[19-May-2021 15:10:20 Asia/Calcutta] PHP Notice:  Trying to access array offset on value of type null in /home/raptor/program/server/twitterbot/server/threads.php on line 138
[19-May-2021 15:17:21 Asia/Calcutta] PHP Notice:  Trying to access array offset on value of type null in /home/raptor/program/server/twitterbot/server/threads.php on line 138
[19-May-2021 15:17:46 Asia/Calcutta] PHP Notice:  Trying to access array offset on value of type null in /home/raptor/program/server/twitterbot/server/threads.php on line 138
[19-May-2021 22:42:17 Asia/Calcutta] PHP Notice:  Trying to access array offset on value of type null in /home/raptor/program/server/twitterbot/server/threads.php on line 138
[19-May-2021 22:51:05 Asia/Calcutta] PHP Notice:  Trying to access array offset on value of type null in /home/raptor/program/server/twitterbot/server/threads.php on line 138
[19-May-2021 22:51:13 Asia/Calcutta] PHP Notice:  Trying to access array offset on value of type null in /home/raptor/program/server/twitterbot/server/threads.php on line 138
[19-May-2021 22:57:28 Asia/Calcutta] PHP Notice:  Trying to access array offset on value of type null in /home/raptor/program/server/twitterbot/server/threads.php on line 138
[19-May-2021 22:59:23 Asia/Calcutta] PHP Notice:  Trying to access array offset on value of type null in /home/raptor/program/server/twitterbot/server/threads.php on line 138
[19-May-2021 23:02:17 Asia/Calcutta] PHP Notice:  Trying to access array offset on value of type null in /home/raptor/program/server/twitterbot/server/threads.php on line 138
[19-May-2021 23:05:59 Asia/Calcutta] PHP Notice:  Trying to access array offset on value of type null in /home/raptor/program/server/twitterbot/server/threads.php on line 138
[19-May-2021 23:07:51 Asia/Calcutta] PHP Notice:  Trying to access array offset on value of type null in /home/raptor/program/server/twitterbot/server/threads.php on line 138
[19-May-2021 23:10:01 Asia/Calcutta] PHP Notice:  Trying to access array offset on value of type null in /home/raptor/program/server/twitterbot/server/threads.php on line 138
[19-May-2021 23:10:10 Asia/Calcutta] PHP Notice:  Trying to access array offset on value of type null in /home/raptor/program/server/twitterbot/server/threads.php on line 138
[19-May-2021 23:10:18 Asia/Calcutta] PHP Notice:  Trying to access array offset on value of type null in /home/raptor/program/server/twitterbot/server/threads.php on line 138
[19-May-2021 23:16:16 Asia/Calcutta] PHP Notice:  Trying to access array offset on value of type null in /home/raptor/program/server/twitterbot/server/threads.php on line 138
[19-May-2021 23:18:06 Asia/Calcutta] PHP Notice:  Trying to access array offset on value of type null in /home/raptor/program/server/twitterbot/server/threads.php on line 138
[19-May-2021 23:23:44 Asia/Calcutta] PHP Notice:  Trying to access array offset on value of type null in /home/raptor/program/server/twitterbot/server/threads.php on line 138
[19-May-2021 23:23:52 Asia/Calcutta] PHP Notice:  Trying to access array offset on value of type null in /home/raptor/program/server/twitterbot/server/threads.php on line 138
[19-May-2021 23:26:21 Asia/Calcutta] PHP Notice:  Trying to access array offset on value of type null in /home/raptor/program/server/twitterbot/server/threads.php on line 138
[19-May-2021 23:27:23 Asia/Calcutta] PHP Notice:  Trying to access array offset on value of type null in /home/raptor/program/server/twitterbot/server/threads.php on line 138
[19-May-2021 23:29:18 Asia/Calcutta] PHP Notice:  Trying to access array offset on value of type null in /home/raptor/program/server/twitterbot/server/threads.php on line 138
[19-May-2021 23:39:16 Asia/Calcutta] PHP Notice:  Trying to access array offset on value of type null in /home/raptor/program/server/twitterbot/server/threads.php on line 138
[19-May-2021 23:39:27 Asia/Calcutta] PHP Notice:  Trying to access array offset on value of type null in /home/raptor/program/server/twitterbot/server/threads.php on line 138
[20-May-2021 20:25:59 Asia/Calcutta] PHP Notice:  Trying to access array offset on value of type null in /home/raptor/program/server/twitterbot/server/threads.php on line 138
[20-May-2021 20:27:47 Asia/Calcutta] PHP Notice:  Trying to access array offset on value of type null in /home/raptor/program/server/twitterbot/server/threads.php on line 138
[20-May-2021 20:27:57 Asia/Calcutta] PHP Notice:  Trying to access array offset on value of type null in /home/raptor/program/server/twitterbot/server/threads.php on line 138
[20-May-2021 20:41:12 Asia/Calcutta] PHP Notice:  Trying to access array offset on value of type null in /home/raptor/program/server/twitterbot/server/threads.php on line 138
[20-May-2021 20:41:27 Asia/Calcutta] PHP Notice:  Trying to access array offset on value of type null in /home/raptor/program/server/twitterbot/server/threads.php on line 138
[20-May-2021 20:55:25 Asia/Calcutta] PHP Notice:  Trying to access array offset on value of type null in /home/raptor/program/server/twitterbot/server/threads.php on line 138
[20-May-2021 20:56:26 Asia/Calcutta] PHP Notice:  Trying to access array offset on value of type null in /home/raptor/program/server/twitterbot/server/threads.php on line 138
[20-May-2021 20:57:39 Asia/Calcutta] PHP Notice:  Trying to access array offset on value of type null in /home/raptor/program/server/twitterbot/server/threads.php on line 138
[20-May-2021 20:57:58 Asia/Calcutta] PHP Notice:  Trying to access array offset on value of type null in /home/raptor/program/server/twitterbot/server/threads.php on line 138
[20-May-2021 21:37:04 Asia/Calcutta] PHP Notice:  Trying to access array offset on value of type null in /home/raptor/program/server/twitterbot/server/threads.php on line 138
[20-May-2021 21:37:34 Asia/Calcutta] PHP Notice:  Trying to access array offset on value of type null in /home/raptor/program/server/twitterbot/server/threads.php on line 138
[20-May-2021 21:37:40 Asia/Calcutta] PHP Notice:  Trying to access array offset on value of type null in /home/raptor/program/server/twitterbot/server/threads.php on line 138
[20-May-2021 21:38:08 Asia/Calcutta] PHP Notice:  Trying to access array offset on value of type null in /home/raptor/program/server/twitterbot/server/threads.php on line 138
[20-May-2021 21:40:41 Asia/Calcutta] PHP Notice:  Trying to access array offset on value of type null in /home/raptor/program/server/twitterbot/server/threads.php on line 138
[20-May-2021 21:41:52 Asia/Calcutta] PHP Notice:  Trying to access array offset on value of type null in /home/raptor/program/server/twitterbot/server/threads.php on line 138
[20-May-2021 21:42:33 Asia/Calcutta] PHP Notice:  Trying to access array offset on value of type null in /home/raptor/program/server/twitterbot/server/threads.php on line 138
[20-May-2021 21:45:24 Asia/Calcutta] PHP Notice:  Trying to access array offset on value of type null in /home/raptor/program/server/twitterbot/server/threads.php on line 138
[20-May-2021 23:55:39 Asia/Calcutta] PHP Notice:  Trying to access array offset on value of type null in /home/raptor/program/server/twitterbot/server/threads.php on line 138
[20-May-2021 23:55:51 Asia/Calcutta] PHP Notice:  Trying to access array offset on value of type null in /home/raptor/program/server/twitterbot/server/threads.php on line 138
[20-May-2021 23:56:02 Asia/Calcutta] PHP Notice:  Trying to access array offset on value of type null in /home/raptor/program/server/twitterbot/server/threads.php on line 138
[21-May-2021 10:28:03 Asia/Calcutta] PHP Notice:  Trying to access array offset on value of type null in /home/raptor/program/server/twitterbot/server/threads.php on line 138
[21-May-2021 10:28:16 Asia/Calcutta] PHP Notice:  Trying to access array offset on value of type null in /home/raptor/program/server/twitterbot/server/threads.php on line 138
[21-May-2021 10:28:38 Asia/Calcutta] PHP Notice:  Trying to access array offset on value of type null in /home/raptor/program/server/twitterbot/server/threads.php on line 138
[21-May-2021 10:30:36 Asia/Calcutta] PHP Notice:  Trying to access array offset on value of type null in /home/raptor/program/server/twitterbot/server/threads.php on line 138
[21-May-2021 10:30:47 Asia/Calcutta] PHP Notice:  Trying to access array offset on value of type null in /home/raptor/program/server/twitterbot/server/threads.php on line 138
[21-May-2021 10:41:18 Asia/Calcutta] PHP Notice:  Trying to access array offset on value of type null in /home/raptor/program/server/twitterbot/server/threads.php on line 138
[21-May-2021 10:42:19 Asia/Calcutta] PHP Notice:  Trying to access array offset on value of type null in /home/raptor/program/server/twitterbot/server/threads.php on line 138
[21-May-2021 10:42:28 Asia/Calcutta] PHP Notice:  Trying to access array offset on value of type null in /home/raptor/program/server/twitterbot/server/threads.php on line 138
[21-May-2021 10:57:49 Asia/Calcutta] PHP Notice:  Trying to access array offset on value of type null in /home/raptor/program/server/twitterbot/server/threads.php on line 138
[21-May-2021 11:00:04 Asia/Calcutta] PHP Notice:  Trying to access array offset on value of type null in /home/raptor/program/server/twitterbot/server/threads.php on line 138
[21-May-2021 11:00:16 Asia/Calcutta] PHP Notice:  Trying to access array offset on value of type null in /home/raptor/program/server/twitterbot/server/threads.php on line 138
[21-May-2021 11:01:51 Asia/Calcutta] PHP Notice:  Trying to access array offset on value of type null in /home/raptor/program/server/twitterbot/server/threads.php on line 138
[21-May-2021 11:12:38 Asia/Calcutta] PHP Notice:  Trying to access array offset on value of type null in /home/raptor/program/server/twitterbot/server/threads.php on line 138
[21-May-2021 11:33:14 Asia/Calcutta] PHP Notice:  Trying to access array offset on value of type null in /home/raptor/program/server/twitterbot/server/threads.php on line 138
[21-May-2021 11:33:23 Asia/Calcutta] PHP Notice:  Trying to access array offset on value of type null in /home/raptor/program/server/twitterbot/server/threads.php on line 138
[21-May-2021 11:33:50 Asia/Calcutta] PHP Notice:  Trying to access array offset on value of type null in /home/raptor/program/server/twitterbot/server/threads.php on line 138
[21-May-2021 11:35:50 Asia/Calcutta] PHP Notice:  Trying to access array offset on value of type null in /home/raptor/program/server/twitterbot/server/threads.php on line 138
[22-May-2021 11:20:12 Asia/Calcutta] PHP Notice:  Trying to access array offset on value of type null in /home/raptor/program/server/twitterbot/server/threads.php on line 138
[22-May-2021 11:21:59 Asia/Calcutta] PHP Notice:  Trying to access array offset on value of type null in /home/raptor/program/server/twitterbot/server/threads.php on line 138
[22-May-2021 19:26:27 Asia/Calcutta] PHP Notice:  Trying to access array offset on value of type null in /home/raptor/program/server/twitterbot/server/threads.php on line 138
[22-May-2021 20:41:05 Asia/Calcutta] PHP Notice:  Trying to access array offset on value of type null in /home/raptor/program/server/twitterbot/server/threads.php on line 138
[22-May-2021 20:41:11 Asia/Calcutta] PHP Notice:  Trying to access array offset on value of type null in /home/raptor/program/server/twitterbot/server/threads.php on line 138
[22-May-2021 20:41:36 Asia/Calcutta] PHP Notice:  Trying to access array offset on value of type null in /home/raptor/program/server/twitterbot/server/threads.php on line 138
